Performing C SOURCE FILE Test CMAKE_HAVE_LIBC_PTHREAD failed with the following output:
Change Dir: /home/anirudh/projects/ros_ws/build/CMakeFiles/CMakeTmp

Run Build Command(s):/usr/bin/make cmTC_38603/fast && /usr/bin/make  -f CMakeFiles/cmTC_38603.dir/build.make CMakeFiles/cmTC_38603.dir/build
make[1]: Entering directory '/home/anirudh/projects/ros_ws/build/CMakeFiles/CMakeTmp'
Building C object CMakeFiles/cmTC_38603.dir/src.c.o
/usr/bin/cc   -DCMAKE_HAVE_LIBC_PTHREAD -o CMakeFiles/cmTC_38603.dir/src.c.o -c /home/anirudh/projects/ros_ws/build/CMakeFiles/CMakeTmp/src.c
Linking C executable cmTC_38603
/home/anirudh/Downloads/cmake-3.18.0-rc2-Linux-x86_64/bin/cmake -E cmake_link_script CMakeFiles/cmTC_38603.dir/link.txt --verbose=1
/usr/bin/cc  -DCMAKE_HAVE_LIBC_PTHREAD -rdynamic CMakeFiles/cmTC_38603.dir/src.c.o -o cmTC_38603 
CMakeFiles/cmTC_38603.dir/src.c.o: In function `main':
src.c:(.text+0x3e): undefined reference to `pthread_create'
src.c:(.text+0x4a): undefined reference to `pthread_detach'
src.c:(.text+0x56): undefined reference to `pthread_cancel'
src.c:(.text+0x67): undefined reference to `pthread_join'
src.c:(.text+0x7b): undefined reference to `pthread_atfork'
collect2: error: ld returned 1 exit status
CMakeFiles/cmTC_38603.dir/build.make:106: recipe for target 'cmTC_38603' failed
make[1]: *** [cmTC_38603] Error 1
make[1]: Leaving directory '/home/anirudh/projects/ros_ws/build/CMakeFiles/CMakeTmp'
Makefile:141: recipe for target 'cmTC_38603/fast' failed
make: *** [cmTC_38603/fast] Error 2


Source file was:
#include <pthread.h>

void* test_func(void* data)
{
  return data;
}

int main(void)
{
  pthread_t thread;
  pthread_create(&thread, NULL, test_func, NULL);
  pthread_detach(thread);
  pthread_cancel(thread);
  pthread_join(thread, NULL);
  pthread_atfork(NULL, NULL, NULL);
  pthread_exit(NULL);

  return 0;
}

Determining if the function pthread_create exists in the pthreads failed with the following output:
Change Dir: /home/anirudh/projects/ros_ws/build/CMakeFiles/CMakeTmp

Run Build Command(s):/usr/bin/make cmTC_7acce/fast && /usr/bin/make  -f CMakeFiles/cmTC_7acce.dir/build.make CMakeFiles/cmTC_7acce.dir/build
make[1]: Entering directory '/home/anirudh/projects/ros_ws/build/CMakeFiles/CMakeTmp'
Building C object CMakeFiles/cmTC_7acce.dir/CheckFunctionExists.c.o
/usr/bin/cc   -DCHECK_FUNCTION_EXISTS=pthread_create -o CMakeFiles/cmTC_7acce.dir/CheckFunctionExists.c.o -c /home/anirudh/Downloads/cmake-3.18.0-rc2-Linux-x86_64/share/cmake-3.18/Modules/CheckFunctionExists.c
Linking C executable cmTC_7acce
/home/anirudh/Downloads/cmake-3.18.0-rc2-Linux-x86_64/bin/cmake -E cmake_link_script CMakeFiles/cmTC_7acce.dir/link.txt --verbose=1
/usr/bin/cc  -DCHECK_FUNCTION_EXISTS=pthread_create -rdynamic CMakeFiles/cmTC_7acce.dir/CheckFunctionExists.c.o -o cmTC_7acce  -lpthreads 
/usr/bin/ld: cannot find -lpthreads
collect2: error: ld returned 1 exit status
CMakeFiles/cmTC_7acce.dir/build.make:106: recipe for target 'cmTC_7acce' failed
make[1]: *** [cmTC_7acce] Error 1
make[1]: Leaving directory '/home/anirudh/projects/ros_ws/build/CMakeFiles/CMakeTmp'
Makefile:141: recipe for target 'cmTC_7acce/fast' failed
make: *** [cmTC_7acce/fast] Error 2



